The system is: Android - 4.9.227-perf+ - aarch64
Compiling the C compiler identification source file "CMakeCCompilerId.c" succeeded.
Compiler: /data/data/com.termux/files/usr/bin/cc 
Build flags: 
Id flags:  

The output was:
0


Compilation of the C compiler identification source "CMakeCCompilerId.c" produced "a.out"

The C compiler identification is Clang, found in "/data/data/com.termux/files/home/termux-ubuntu/xmrig/build/CMakeFiles/3.22.1/CompilerIdC/a.out"

Compiling the CXX compiler identification source file "CMakeCXXCompilerId.cpp" succeeded.
Compiler: /data/data/com.termux/files/usr/bin/c++ 
Build flags: 
Id flags:  

The output was:
0


Compilation of the CXX compiler identification source "CMakeCXXCompilerId.cpp" produced "a.out"

The CXX compiler identification is Clang, found in "/data/data/com.termux/files/home/termux-ubuntu/xmrig/build/CMakeFiles/3.22.1/CompilerIdCXX/a.out"

Detecting C compiler ABI info compiled with the following output:
Change Dir: /data/data/com.termux/files/home/termux-ubuntu/xmrig/build/CMakeFiles/CMakeTmp

Run Build Command(s):/data/data/com.termux/files/usr/bin/make -f Makefile cmTC_69969/fast && /data/data/com.termux/files/usr/bin/make  -f CMakeFiles/cmTC_69969.dir/build.make CMakeFiles/cmTC_69969.dir/build
make[1]: Entering directory '/data/data/com.termux/files/home/termux-ubuntu/xmrig/build/CMakeFiles/CMakeTmp'
Building C object CMakeFiles/cmTC_69969.dir/CMakeCCompilerABI.c.o
/data/data/com.termux/files/usr/bin/cc   -O2 -g -DNDEBUG   -v -MD -MT CMakeFiles/cmTC_69969.dir/CMakeCCompilerABI.c.o -MF CMakeFiles/cmTC_69969.dir/CMakeCCompilerABI.c.o.d -o CMakeFiles/cmTC_69969.dir/CMakeCCompilerABI.c.o -c /data/data/com.termux/files/usr/share/cmake-3.22/Modules/CMakeCCompilerABI.c
clang version 13.0.0
Target: aarch64-unknown-linux-android24
Thread model: posix
InstalledDir: /data/data/com.termux/files/usr/bin
 (in-process)
 "/data/data/com.termux/files/usr/bin/clang-13" -cc1 -triple aarch64-unknown-linux-android24 -emit-obj --mrelax-relocations -mnoexecstack -disable-free -disable-llvm-verifier -discard-value-names -main-file-name CMakeCCompilerABI.c -mrelocation-model pic -pic-level 2 -pic-is-pie -mframe-pointer=non-leaf -fno-rounding-math -mconstructor-aliases -munwind-tables -target-cpu generic -target-feature +neon -target-abi aapcs -mllvm -aarch64-fix-cortex-a53-835769=1 -fallow-half-arguments-and-returns -debug-info-kind=constructor -dwarf-version=4 -debugger-tuning=gdb -v -fcoverage-compilation-dir=/data/data/com.termux/files/home/termux-ubuntu/xmrig/build/CMakeFiles/CMakeTmp -resource-dir /data/data/com.termux/files/usr/lib/clang/13.0.0 -dependency-file CMakeFiles/cmTC_69969.dir/CMakeCCompilerABI.c.o.d -MT CMakeFiles/cmTC_69969.dir/CMakeCCompilerABI.c.o -sys-header-deps -D NDEBUG -isysroot /data/data/com.termux/files -internal-isystem /data/data/com.termux/files/usr/lib/clang/13.0.0/include -internal-isystem /data/data/com.termux/files/usr/local/include -internal-externc-isystem /data/data/com.termux/files/usr/include/aarch64-linux-android -internal-externc-isystem /data/data/com.termux/files/include -internal-externc-isystem /data/data/com.termux/files/usr/include -O2 -fdebug-compilation-dir=/data/data/com.termux/files/home/termux-ubuntu/xmrig/build/CMakeFiles/CMakeTmp -ferror-limit 19 -fno-signed-char -fgnuc-version=4.2.1 -vectorize-loops -vectorize-slp -target-feature +outline-atomics -D__GCC_HAVE_DWARF2_CFI_ASM=1 -o CMakeFiles/cmTC_69969.dir/CMakeCCompilerABI.c.o -x c /data/data/com.termux/files/usr/share/cmake-3.22/Modules/CMakeCCompilerABI.c
clang -cc1 version 13.0.0 based upon LLVM 13.0.0 default target aarch64-unknown-linux-android24
ignoring nonexistent directory "/data/data/com.termux/files/usr/local/include"
ignoring nonexistent directory "/data/data/com.termux/files/include"
#include "..." search starts here:
#include <...> search starts here:
 /data/data/com.termux/files/usr/lib/clang/13.0.0/include
 /data/data/com.termux/files/usr/include/aarch64-linux-android
 /data/data/com.termux/files/usr/include
End of search list.
Linking C executable cmTC_69969
/data/data/com.termux/files/usr/bin/cmake -E cmake_link_script CMakeFiles/cmTC_69969.dir/link.txt --verbose=1
/data/data/com.termux/files/usr/bin/cc -O2 -g -DNDEBUG  -v CMakeFiles/cmTC_69969.dir/CMakeCCompilerABI.c.o -o cmTC_69969 
clang version 13.0.0
Target: aarch64-unknown-linux-android24
Thread model: posix
InstalledDir: /data/data/com.termux/files/usr/bin
 "/data/data/com.termux/files/usr/bin/ld.lld" --sysroot=/data/data/com.termux/files -pie -z noexecstack -EL --fix-cortex-a53-843419 --warn-shared-textrel -z now -z relro -z max-page-size=4096 --hash-style=gnu --enable-new-dtags -rpath=/data/data/com.termux/files/usr/lib --eh-frame-hdr -m aarch64linux -dynamic-linker /system/bin/linker64 -o cmTC_69969 /data/data/com.termux/files/usr/lib/crtbegin_dynamic.o -L/data/data/com.termux/files/usr/lib -L/system/lib64 CMakeFiles/cmTC_69969.dir/CMakeCCompilerABI.c.o /data/data/com.termux/files/usr/lib/clang/13.0.0/lib/android/libclang_rt.builtins-aarch64-android.a -l:libunwind.a -ldl -lc /data/data/com.termux/files/usr/lib/clang/13.0.0/lib/android/libclang_rt.builtins-aarch64-android.a -l:libunwind.a -ldl /data/data/com.termux/files/usr/lib/crtend_android.o
make[1]: Leaving directory '/data/data/com.termux/files/home/termux-ubuntu/xmrig/build/CMakeFiles/CMakeTmp'



Parsed C implicit include dir info from above output: rv=done
  found start of include info
  found start of implicit include info
    add: [/data/data/com.termux/files/usr/lib/clang/13.0.0/include]
    add: [/data/data/com.termux/files/usr/include/aarch64-linux-android]
    add: [/data/data/com.termux/files/usr/include]
  end of search list found
  collapse include dir [/data/data/com.termux/files/usr/lib/clang/13.0.0/include] ==> [/data/data/com.termux/files/usr/lib/clang/13.0.0/include]
  collapse include dir [/data/data/com.termux/files/usr/include/aarch64-linux-android] ==> [/data/data/com.termux/files/usr/include/aarch64-linux-android]
  collapse include dir [/data/data/com.termux/files/usr/include] ==> [/data/data/com.termux/files/usr/include]
  implicit include dirs: [/data/data/com.termux/files/usr/lib/clang/13.0.0/include;/data/data/com.termux/files/usr/include/aarch64-linux-android;/data/data/com.termux/files/usr/include]


Parsed C implicit link information from above output:
  link line regex: [^( *|.*[/\])(ld\.lld|CMAKE_LINK_STARTFILE-NOTFOUND|([^/\]+-)?ld|collect2)[^/\]*( |$)]
  ignore line: [Change Dir: /data/data/com.termux/files/home/termux-ubuntu/xmrig/build/CMakeFiles/CMakeTmp]
  ignore line: []
  ignore line: [Run Build Command(s):/data/data/com.termux/files/usr/bin/make -f Makefile cmTC_69969/fast && /data/data/com.termux/files/usr/bin/make  -f CMakeFiles/cmTC_69969.dir/build.make CMakeFiles/cmTC_69969.dir/build]
  ignore line: [make[1]: Entering directory '/data/data/com.termux/files/home/termux-ubuntu/xmrig/build/CMakeFiles/CMakeTmp']
  ignore line: [Building C object CMakeFiles/cmTC_69969.dir/CMakeCCompilerABI.c.o]
  ignore line: [/data/data/com.termux/files/usr/bin/cc   -O2 -g -DNDEBUG   -v -MD -MT CMakeFiles/cmTC_69969.dir/CMakeCCompilerABI.c.o -MF CMakeFiles/cmTC_69969.dir/CMakeCCompilerABI.c.o.d -o CMakeFiles/cmTC_69969.dir/CMakeCCompilerABI.c.o -c /data/data/com.termux/files/usr/share/cmake-3.22/Modules/CMakeCCompilerABI.c]
  ignore line: [clang version 13.0.0]
  ignore line: [Target: aarch64-unknown-linux-android24]
  ignore line: [Thread model: posix]
  ignore line: [InstalledDir: /data/data/com.termux/files/usr/bin]
  ignore line: [ (in-process)]
  ignore line: [ "/data/data/com.termux/files/usr/bin/clang-13" -cc1 -triple aarch64-unknown-linux-android24 -emit-obj --mrelax-relocations -mnoexecstack -disable-free -disable-llvm-verifier -discard-value-names -main-file-name CMakeCCompilerABI.c -mrelocation-model pic -pic-level 2 -pic-is-pie -mframe-pointer=non-leaf -fno-rounding-math -mconstructor-aliases -munwind-tables -target-cpu generic -target-feature +neon -target-abi aapcs -mllvm -aarch64-fix-cortex-a53-835769=1 -fallow-half-arguments-and-returns -debug-info-kind=constructor -dwarf-version=4 -debugger-tuning=gdb -v -fcoverage-compilation-dir=/data/data/com.termux/files/home/termux-ubuntu/xmrig/build/CMakeFiles/CMakeTmp -resource-dir /data/data/com.termux/files/usr/lib/clang/13.0.0 -dependency-file CMakeFiles/cmTC_69969.dir/CMakeCCompilerABI.c.o.d -MT CMakeFiles/cmTC_69969.dir/CMakeCCompilerABI.c.o -sys-header-deps -D NDEBUG -isysroot /data/data/com.termux/files -internal-isystem /data/data/com.termux/files/usr/lib/clang/13.0.0/include -internal-isystem /data/data/com.termux/files/usr/local/include -internal-externc-isystem /data/data/com.termux/files/usr/include/aarch64-linux-android -internal-externc-isystem /data/data/com.termux/files/include -internal-externc-isystem /data/data/com.termux/files/usr/include -O2 -fdebug-compilation-dir=/data/data/com.termux/files/home/termux-ubuntu/xmrig/build/CMakeFiles/CMakeTmp -ferror-limit 19 -fno-signed-char -fgnuc-version=4.2.1 -vectorize-loops -vectorize-slp -target-feature +outline-atomics -D__GCC_HAVE_DWARF2_CFI_ASM=1 -o CMakeFiles/cmTC_69969.dir/CMakeCCompilerABI.c.o -x c /data/data/com.termux/files/usr/share/cmake-3.22/Modules/CMakeCCompilerABI.c]
  ignore line: [clang -cc1 version 13.0.0 based upon LLVM 13.0.0 default target aarch64-unknown-linux-android24]
  ignore line: [ignoring nonexistent directory "/data/data/com.termux/files/usr/local/include"]
  ignore line: [ignoring nonexistent directory "/data/data/com.termux/files/include"]
  ignore line: [#include "..." search starts here:]
  ignore line: [#include <...> search starts here:]
  ignore line: [ /data/data/com.termux/files/usr/lib/clang/13.0.0/include]
  ignore line: [ /data/data/com.termux/files/usr/include/aarch64-linux-android]
  ignore line: [ /data/data/com.termux/files/usr/include]
  ignore line: [End of search list.]
  ignore line: [Linking C executable cmTC_69969]
  ignore line: [/data/data/com.termux/files/usr/bin/cmake -E cmake_link_script CMakeFiles/cmTC_69969.dir/link.txt --verbose=1]
  ignore line: [/data/data/com.termux/files/usr/bin/cc -O2 -g -DNDEBUG  -v CMakeFiles/cmTC_69969.dir/CMakeCCompilerABI.c.o -o cmTC_69969 ]
  ignore line: [clang version 13.0.0]
  ignore line: [Target: aarch64-unknown-linux-android24]
  ignore line: [Thread model: posix]
  ignore line: [InstalledDir: /data/data/com.termux/files/usr/bin]
  link line: [ "/data/data/com.termux/files/usr/bin/ld.lld" --sysroot=/data/data/com.termux/files -pie -z noexecstack -EL --fix-cortex-a53-843419 --warn-shared-textrel -z now -z relro -z max-page-size=4096 --hash-style=gnu --enable-new-dtags -rpath=/data/data/com.termux/files/usr/lib --eh-frame-hdr -m aarch64linux -dynamic-linker /system/bin/linker64 -o cmTC_69969 /data/data/com.termux/files/usr/lib/crtbegin_dynamic.o -L/data/data/com.termux/files/usr/lib -L/system/lib64 CMakeFiles/cmTC_69969.dir/CMakeCCompilerABI.c.o /data/data/com.termux/files/usr/lib/clang/13.0.0/lib/android/libclang_rt.builtins-aarch64-android.a -l:libunwind.a -ldl -lc /data/data/com.termux/files/usr/lib/clang/13.0.0/lib/android/libclang_rt.builtins-aarch64-android.a -l:libunwind.a -ldl /data/data/com.termux/files/usr/lib/crtend_android.o]
    arg [/data/data/com.termux/files/usr/bin/ld.lld] ==> ignore
    arg [--sysroot=/data/data/com.termux/files] ==> ignore
    arg [-pie] ==> ignore
    arg [-znoexecstack] ==> ignore
    arg [-EL] ==> ignore
    arg [--fix-cortex-a53-843419] ==> ignore
    arg [--warn-shared-textrel] ==> ignore
    arg [-znow] ==> ignore
    arg [-zrelro] ==> ignore
    arg [-zmax-page-size=4096] ==> ignore
    arg [--hash-style=gnu] ==> ignore
    arg [--enable-new-dtags] ==> ignore
    arg [-rpath=/data/data/com.termux/files/usr/lib] ==> ignore
    arg [--eh-frame-hdr] ==> ignore
    arg [-m] ==> ignore
    arg [aarch64linux] ==> ignore
    arg [-dynamic-linker] ==> ignore
    arg [/system/bin/linker64] ==> ignore
    arg [-o] ==> ignore
    arg [cmTC_69969] ==> ignore
    arg [/data/data/com.termux/files/usr/lib/crtbegin_dynamic.o] ==> obj [/data/data/com.termux/files/usr/lib/crtbegin_dynamic.o]
    arg [-L/data/data/com.termux/files/usr/lib] ==> dir [/data/data/com.termux/files/usr/lib]
    arg [-L/system/lib64] ==> dir [/system/lib64]
    arg [CMakeFiles/cmTC_69969.dir/CMakeCCompilerABI.c.o] ==> ignore
    arg [/data/data/com.termux/files/usr/lib/clang/13.0.0/lib/android/libclang_rt.builtins-aarch64-android.a] ==> lib [/data/data/com.termux/files/usr/lib/clang/13.0.0/lib/android/libclang_rt.builtins-aarch64-android.a]
    arg [-l:libunwind.a] ==> lib [-l:libunwind.a]
    arg [-ldl] ==> lib [dl]
    arg [-lc] ==> lib [c]
    arg [/data/data/com.termux/files/usr/lib/clang/13.0.0/lib/android/libclang_rt.builtins-aarch64-android.a] ==> lib [/data/data/com.termux/files/usr/lib/clang/13.0.0/lib/android/libclang_rt.builtins-aarch64-android.a]
    arg [-l:libunwind.a] ==> lib [-l:libunwind.a]
    arg [-ldl] ==> lib [dl]
    arg [/data/data/com.termux/files/usr/lib/crtend_android.o] ==> obj [/data/data/com.termux/files/usr/lib/crtend_android.o]
  remove lib [/data/data/com.termux/files/usr/lib/clang/13.0.0/lib/android/libclang_rt.builtins-aarch64-android.a]
  remove lib [/data/data/com.termux/files/usr/lib/clang/13.0.0/lib/android/libclang_rt.builtins-aarch64-android.a]
  collapse library dir [/data/data/com.termux/files/usr/lib] ==> [/data/data/com.termux/files/usr/lib]
  collapse library dir [/system/lib64] ==> [/system/lib64]
  implicit libs: [-l:libunwind.a;dl;c;-l:libunwind.a;dl]
  implicit objs: [/data/data/com.termux/files/usr/lib/crtbegin_dynamic.o;/data/data/com.termux/files/usr/lib/crtend_android.o]
  implicit dirs: [/data/data/com.termux/files/usr/lib;/system/lib64]
  implicit fwks: []


Detecting CXX compiler ABI info compiled with the following output:
Change Dir: /data/data/com.termux/files/home/termux-ubuntu/xmrig/build/CMakeFiles/CMakeTmp

Run Build Command(s):/data/data/com.termux/files/usr/bin/make -f Makefile cmTC_af60f/fast && /data/data/com.termux/files/usr/bin/make  -f CMakeFiles/cmTC_af60f.dir/build.make CMakeFiles/cmTC_af60f.dir/build
make[1]: Entering directory '/data/data/com.termux/files/home/termux-ubuntu/xmrig/build/CMakeFiles/CMakeTmp'
Building CXX object CMakeFiles/cmTC_af60f.dir/CMakeCXXCompilerABI.cpp.o
/data/data/com.termux/files/usr/bin/c++   -O2 -g -DNDEBUG   -v -MD -MT CMakeFiles/cmTC_af60f.dir/CMakeCXXCompilerABI.cpp.o -MF CMakeFiles/cmTC_af60f.dir/CMakeCXXCompilerABI.cpp.o.d -o CMakeFiles/cmTC_af60f.dir/CMakeCXXCompilerABI.cpp.o -c /data/data/com.termux/files/usr/share/cmake-3.22/Modules/CMakeCXXCompilerABI.cpp
clang version 13.0.0
Target: aarch64-unknown-linux-android24
Thread model: posix
InstalledDir: /data/data/com.termux/files/usr/bin
 (in-process)
 "/data/data/com.termux/files/usr/bin/clang-13" -cc1 -triple aarch64-unknown-linux-android24 -emit-obj --mrelax-relocations -mnoexecstack -disable-free -disable-llvm-verifier -discard-value-names -main-file-name CMakeCXXCompilerABI.cpp -mrelocation-model pic -pic-level 2 -pic-is-pie -mframe-pointer=non-leaf -fno-rounding-math -mconstructor-aliases -munwind-tables -target-cpu generic -target-feature +neon -target-abi aapcs -mllvm -aarch64-fix-cortex-a53-835769=1 -fallow-half-arguments-and-returns -debug-info-kind=constructor -dwarf-version=4 -debugger-tuning=gdb -v -fcoverage-compilation-dir=/data/data/com.termux/files/home/termux-ubuntu/xmrig/build/CMakeFiles/CMakeTmp -resource-dir /data/data/com.termux/files/usr/lib/clang/13.0.0 -dependency-file CMakeFiles/cmTC_af60f.dir/CMakeCXXCompilerABI.cpp.o.d -MT CMakeFiles/cmTC_af60f.dir/CMakeCXXCompilerABI.cpp.o -sys-header-deps -D NDEBUG -isysroot /data/data/com.termux/files -internal-isystem /data/data/com.termux/files/usr/include/c++/v1 -internal-isystem /data/data/com.termux/files/usr/lib/clang/13.0.0/include -internal-isystem /data/data/com.termux/files/usr/local/include -internal-externc-isystem /data/data/com.termux/files/usr/include/aarch64-linux-android -internal-externc-isystem /data/data/com.termux/files/include -internal-externc-isystem /data/data/com.termux/files/usr/include -O2 -fdeprecated-macro -fdebug-compilation-dir=/data/data/com.termux/files/home/termux-ubuntu/xmrig/build/CMakeFiles/CMakeTmp -ferror-limit 19 -fno-signed-char -fgnuc-version=4.2.1 -fcxx-exceptions -fexceptions -vectorize-loops -vectorize-slp -target-feature +outline-atomics -D__GCC_HAVE_DWARF2_CFI_ASM=1 -o CMakeFiles/cmTC_af60f.dir/CMakeCXXCompilerABI.cpp.o -x c++ /data/data/com.termux/files/usr/share/cmake-3.22/Modules/CMakeCXXCompilerABI.cpp
clang -cc1 version 13.0.0 based upon LLVM 13.0.0 default target aarch64-unknown-linux-android24
ignoring nonexistent directory "/data/data/com.termux/files/usr/local/include"
ignoring nonexistent directory "/data/data/com.termux/files/include"
#include "..." search starts here:
#include <...> search starts here:
 /data/data/com.termux/files/usr/include/c++/v1
 /data/data/com.termux/files/usr/lib/clang/13.0.0/include
 /data/data/com.termux/files/usr/include/aarch64-linux-android
 /data/data/com.termux/files/usr/include
End of search list.
Linking CXX executable cmTC_af60f
/data/data/com.termux/files/usr/bin/cmake -E cmake_link_script CMakeFiles/cmTC_af60f.dir/link.txt --verbose=1
/data/data/com.termux/files/usr/bin/c++ -O2 -g -DNDEBUG  -v CMakeFiles/cmTC_af60f.dir/CMakeCXXCompilerABI.cpp.o -o cmTC_af60f 
clang version 13.0.0
Target: aarch64-unknown-linux-android24
Thread model: posix
InstalledDir: /data/data/com.termux/files/usr/bin
 "/data/data/com.termux/files/usr/bin/ld.lld" --sysroot=/data/data/com.termux/files -pie -z noexecstack -EL --fix-cortex-a53-843419 --warn-shared-textrel -z now -z relro -z max-page-size=4096 --hash-style=gnu --enable-new-dtags -rpath=/data/data/com.termux/files/usr/lib --eh-frame-hdr -m aarch64linux -dynamic-linker /system/bin/linker64 -o cmTC_af60f /data/data/com.termux/files/usr/lib/crtbegin_dynamic.o -L/data/data/com.termux/files/usr/lib -L/system/lib64 CMakeFiles/cmTC_af60f.dir/CMakeCXXCompilerABI.cpp.o -lc++_shared /data/data/com.termux/files/usr/lib/clang/13.0.0/lib/android/libclang_rt.builtins-aarch64-android.a -l:libunwind.a -ldl -lm -lc /data/data/com.termux/files/usr/lib/clang/13.0.0/lib/android/libclang_rt.builtins-aarch64-android.a -l:libunwind.a -ldl /data/data/com.termux/files/usr/lib/crtend_android.o
make[1]: Leaving directory '/data/data/com.termux/files/home/termux-ubuntu/xmrig/build/CMakeFiles/CMakeTmp'



Parsed CXX implicit include dir info from above output: rv=done
  found start of include info
  found start of implicit include info
    add: [/data/data/com.termux/files/usr/include/c++/v1]
    add: [/data/data/com.termux/files/usr/lib/clang/13.0.0/include]
    add: [/data/data/com.termux/files/usr/include/aarch64-linux-android]
    add: [/data/data/com.termux/files/usr/include]
  end of search list found
  collapse include dir [/data/data/com.termux/files/usr/include/c++/v1] ==> [/data/data/com.termux/files/usr/include/c++/v1]
  collapse include dir [/data/data/com.termux/files/usr/lib/clang/13.0.0/include] ==> [/data/data/com.termux/files/usr/lib/clang/13.0.0/include]
  collapse include dir [/data/data/com.termux/files/usr/include/aarch64-linux-android] ==> [/data/data/com.termux/files/usr/include/aarch64-linux-android]
  collapse include dir [/data/data/com.termux/files/usr/include] ==> [/data/data/com.termux/files/usr/include]
  implicit include dirs: [/data/data/com.termux/files/usr/include/c++/v1;/data/data/com.termux/files/usr/lib/clang/13.0.0/include;/data/data/com.termux/files/usr/include/aarch64-linux-android;/data/data/com.termux/files/usr/include]


Parsed CXX implicit link information from above output:
  link line regex: [^( *|.*[/\])(ld\.lld|CMAKE_LINK_STARTFILE-NOTFOUND|([^/\]+-)?ld|collect2)[^/\]*( |$)]
  ignore line: [Change Dir: /data/data/com.termux/files/home/termux-ubuntu/xmrig/build/CMakeFiles/CMakeTmp]
  ignore line: []
  ignore line: [Run Build Command(s):/data/data/com.termux/files/usr/bin/make -f Makefile cmTC_af60f/fast && /data/data/com.termux/files/usr/bin/make  -f CMakeFiles/cmTC_af60f.dir/build.make CMakeFiles/cmTC_af60f.dir/build]
  ignore line: [make[1]: Entering directory '/data/data/com.termux/files/home/termux-ubuntu/xmrig/build/CMakeFiles/CMakeTmp']
  ignore line: [Building CXX object CMakeFiles/cmTC_af60f.dir/CMakeCXXCompilerABI.cpp.o]
  ignore line: [/data/data/com.termux/files/usr/bin/c++   -O2 -g -DNDEBUG   -v -MD -MT CMakeFiles/cmTC_af60f.dir/CMakeCXXCompilerABI.cpp.o -MF CMakeFiles/cmTC_af60f.dir/CMakeCXXCompilerABI.cpp.o.d -o CMakeFiles/cmTC_af60f.dir/CMakeCXXCompilerABI.cpp.o -c /data/data/com.termux/files/usr/share/cmake-3.22/Modules/CMakeCXXCompilerABI.cpp]
  ignore line: [clang version 13.0.0]
  ignore line: [Target: aarch64-unknown-linux-android24]
  ignore line: [Thread model: posix]
  ignore line: [InstalledDir: /data/data/com.termux/files/usr/bin]
  ignore line: [ (in-process)]
  ignore line: [ "/data/data/com.termux/files/usr/bin/clang-13" -cc1 -triple aarch64-unknown-linux-android24 -emit-obj --mrelax-relocations -mnoexecstack -disable-free -disable-llvm-verifier -discard-value-names -main-file-name CMakeCXXCompilerABI.cpp -mrelocation-model pic -pic-level 2 -pic-is-pie -mframe-pointer=non-leaf -fno-rounding-math -mconstructor-aliases -munwind-tables -target-cpu generic -target-feature +neon -target-abi aapcs -mllvm -aarch64-fix-cortex-a53-835769=1 -fallow-half-arguments-and-returns -debug-info-kind=constructor -dwarf-version=4 -debugger-tuning=gdb -v -fcoverage-compilation-dir=/data/data/com.termux/files/home/termux-ubuntu/xmrig/build/CMakeFiles/CMakeTmp -resource-dir /data/data/com.termux/files/usr/lib/clang/13.0.0 -dependency-file CMakeFiles/cmTC_af60f.dir/CMakeCXXCompilerABI.cpp.o.d -MT CMakeFiles/cmTC_af60f.dir/CMakeCXXCompilerABI.cpp.o -sys-header-deps -D NDEBUG -isysroot /data/data/com.termux/files -internal-isystem /data/data/com.termux/files/usr/include/c++/v1 -internal-isystem /data/data/com.termux/files/usr/lib/clang/13.0.0/include -internal-isystem /data/data/com.termux/files/usr/local/include -internal-externc-isystem /data/data/com.termux/files/usr/include/aarch64-linux-android -internal-externc-isystem /data/data/com.termux/files/include -internal-externc-isystem /data/data/com.termux/files/usr/include -O2 -fdeprecated-macro -fdebug-compilation-dir=/data/data/com.termux/files/home/termux-ubuntu/xmrig/build/CMakeFiles/CMakeTmp -ferror-limit 19 -fno-signed-char -fgnuc-version=4.2.1 -fcxx-exceptions -fexceptions -vectorize-loops -vectorize-slp -target-feature +outline-atomics -D__GCC_HAVE_DWARF2_CFI_ASM=1 -o CMakeFiles/cmTC_af60f.dir/CMakeCXXCompilerABI.cpp.o -x c++ /data/data/com.termux/files/usr/share/cmake-3.22/Modules/CMakeCXXCompilerABI.cpp]
  ignore line: [clang -cc1 version 13.0.0 based upon LLVM 13.0.0 default target aarch64-unknown-linux-android24]
  ignore line: [ignoring nonexistent directory "/data/data/com.termux/files/usr/local/include"]
  ignore line: [ignoring nonexistent directory "/data/data/com.termux/files/include"]
  ignore line: [#include "..." search starts here:]
  ignore line: [#include <...> search starts here:]
  ignore line: [ /data/data/com.termux/files/usr/include/c++/v1]
  ignore line: [ /data/data/com.termux/files/usr/lib/clang/13.0.0/include]
  ignore line: [ /data/data/com.termux/files/usr/include/aarch64-linux-android]
  ignore line: [ /data/data/com.termux/files/usr/include]
  ignore line: [End of search list.]
  ignore line: [Linking CXX executable cmTC_af60f]
  ignore line: [/data/data/com.termux/files/usr/bin/cmake -E cmake_link_script CMakeFiles/cmTC_af60f.dir/link.txt --verbose=1]
  ignore line: [/data/data/com.termux/files/usr/bin/c++ -O2 -g -DNDEBUG  -v CMakeFiles/cmTC_af60f.dir/CMakeCXXCompilerABI.cpp.o -o cmTC_af60f ]
  ignore line: [clang version 13.0.0]
  ignore line: [Target: aarch64-unknown-linux-android24]
  ignore line: [Thread model: posix]
  ignore line: [InstalledDir: /data/data/com.termux/files/usr/bin]
  link line: [ "/data/data/com.termux/files/usr/bin/ld.lld" --sysroot=/data/data/com.termux/files -pie -z noexecstack -EL --fix-cortex-a53-843419 --warn-shared-textrel -z now -z relro -z max-page-size=4096 --hash-style=gnu --enable-new-dtags -rpath=/data/data/com.termux/files/usr/lib --eh-frame-hdr -m aarch64linux -dynamic-linker /system/bin/linker64 -o cmTC_af60f /data/data/com.termux/files/usr/lib/crtbegin_dynamic.o -L/data/data/com.termux/files/usr/lib -L/system/lib64 CMakeFiles/cmTC_af60f.dir/CMakeCXXCompilerABI.cpp.o -lc++_shared /data/data/com.termux/files/usr/lib/clang/13.0.0/lib/android/libclang_rt.builtins-aarch64-android.a -l:libunwind.a -ldl -lm -lc /data/data/com.termux/files/usr/lib/clang/13.0.0/lib/android/libclang_rt.builtins-aarch64-android.a -l:libunwind.a -ldl /data/data/com.termux/files/usr/lib/crtend_android.o]
    arg [/data/data/com.termux/files/usr/bin/ld.lld] ==> ignore
    arg [--sysroot=/data/data/com.termux/files] ==> ignore
    arg [-pie] ==> ignore
    arg [-znoexecstack] ==> ignore
    arg [-EL] ==> ignore
    arg [--fix-cortex-a53-843419] ==> ignore
    arg [--warn-shared-textrel] ==> ignore
    arg [-znow] ==> ignore
    arg [-zrelro] ==> ignore
    arg [-zmax-page-size=4096] ==> ignore
    arg [--hash-style=gnu] ==> ignore
    arg [--enable-new-dtags] ==> ignore
    arg [-rpath=/data/data/com.termux/files/usr/lib] ==> ignore
    arg [--eh-frame-hdr] ==> ignore
    arg [-m] ==> ignore
    arg [aarch64linux] ==> ignore
    arg [-dynamic-linker] ==> ignore
    arg [/system/bin/linker64] ==> ignore
    arg [-o] ==> ignore
    arg [cmTC_af60f] ==> ignore
    arg [/data/data/com.termux/files/usr/lib/crtbegin_dynamic.o] ==> obj [/data/data/com.termux/files/usr/lib/crtbegin_dynamic.o]
    arg [-L/data/data/com.termux/files/usr/lib] ==> dir [/data/data/com.termux/files/usr/lib]
    arg [-L/system/lib64] ==> dir [/system/lib64]
    arg [CMakeFiles/cmTC_af60f.dir/CMakeCXXCompilerABI.cpp.o] ==> ignore
    arg [-lc++_shared] ==> lib [c++_shared]
    arg [/data/data/com.termux/files/usr/lib/clang/13.0.0/lib/android/libclang_rt.builtins-aarch64-android.a] ==> lib [/data/data/com.termux/files/usr/lib/clang/13.0.0/lib/android/libclang_rt.builtins-aarch64-android.a]
    arg [-l:libunwind.a] ==> lib [-l:libunwind.a]
    arg [-ldl] ==> lib [dl]
    arg [-lm] ==> lib [m]
    arg [-lc] ==> lib [c]
    arg [/data/data/com.termux/files/usr/lib/clang/13.0.0/lib/android/libclang_rt.builtins-aarch64-android.a] ==> lib [/data/data/com.termux/files/usr/lib/clang/13.0.0/lib/android/libclang_rt.builtins-aarch64-android.a]
    arg [-l:libunwind.a] ==> lib [-l:libunwind.a]
    arg [-ldl] ==> lib [dl]
    arg [/data/data/com.termux/files/usr/lib/crtend_android.o] ==> obj [/data/data/com.termux/files/usr/lib/crtend_android.o]
  remove lib [/data/data/com.termux/files/usr/lib/clang/13.0.0/lib/android/libclang_rt.builtins-aarch64-android.a]
  remove lib [/data/data/com.termux/files/usr/lib/clang/13.0.0/lib/android/libclang_rt.builtins-aarch64-android.a]
  collapse library dir [/data/data/com.termux/files/usr/lib] ==> [/data/data/com.termux/files/usr/lib]
  collapse library dir [/system/lib64] ==> [/system/lib64]
  implicit libs: [c++_shared;-l:libunwind.a;dl;m;c;-l:libunwind.a;dl]
  implicit objs: [/data/data/com.termux/files/usr/lib/crtbegin_dynamic.o;/data/data/com.termux/files/usr/lib/crtend_android.o]
  implicit dirs: [/data/data/com.termux/files/usr/lib;/system/lib64]
  implicit fwks: []


Performing C++ SOURCE FILE Test VAES_SUPPORTED succeeded with the following output:
Change Dir: /data/data/com.termux/files/home/termux-ubuntu/xmrig/build/CMakeFiles/CMakeTmp

Run Build Command(s):/data/data/com.termux/files/usr/bin/make -f Makefile cmTC_49ced/fast && /data/data/com.termux/files/usr/bin/make  -f CMakeFiles/cmTC_49ced.dir/build.make CMakeFiles/cmTC_49ced.dir/build
make[1]: Entering directory '/data/data/com.termux/files/home/termux-ubuntu/xmrig/build/CMakeFiles/CMakeTmp'
Building CXX object CMakeFiles/cmTC_49ced.dir/src.cxx.o
/data/data/com.termux/files/usr/bin/c++ -DVAES_SUPPORTED  -O2 -g -DNDEBUG   -mavx2 -mvaes -MD -MT CMakeFiles/cmTC_49ced.dir/src.cxx.o -MF CMakeFiles/cmTC_49ced.dir/src.cxx.o.d -o CMakeFiles/cmTC_49ced.dir/src.cxx.o -c /data/data/com.termux/files/home/termux-ubuntu/xmrig/build/CMakeFiles/CMakeTmp/src.cxx
clang-13: warning: argument unused during compilation: '-mavx2' [-Wunused-command-line-argument]
clang-13: warning: argument unused during compilation: '-mvaes' [-Wunused-command-line-argument]
Linking CXX executable cmTC_49ced
/data/data/com.termux/files/usr/bin/cmake -E cmake_link_script CMakeFiles/cmTC_49ced.dir/link.txt --verbose=1
/data/data/com.termux/files/usr/bin/c++ -O2 -g -DNDEBUG CMakeFiles/cmTC_49ced.dir/src.cxx.o -o cmTC_49ced 
make[1]: Leaving directory '/data/data/com.termux/files/home/termux-ubuntu/xmrig/build/CMakeFiles/CMakeTmp'


Source file was:
int main() { return 0; }
Performing C++ SOURCE FILE Test XMRIG_ARM_CRYPTO succeeded with the following output:
Change Dir: /data/data/com.termux/files/home/termux-ubuntu/xmrig/build/CMakeFiles/CMakeTmp

Run Build Command(s):/data/data/com.termux/files/usr/bin/make -f Makefile cmTC_22c3a/fast && /data/data/com.termux/files/usr/bin/make  -f CMakeFiles/cmTC_22c3a.dir/build.make CMakeFiles/cmTC_22c3a.dir/build
make[1]: Entering directory '/data/data/com.termux/files/home/termux-ubuntu/xmrig/build/CMakeFiles/CMakeTmp'
Building CXX object CMakeFiles/cmTC_22c3a.dir/src.cxx.o
/data/data/com.termux/files/usr/bin/c++ -DXMRIG_ARM_CRYPTO  -O2 -g -DNDEBUG   -march=armv8-a+crypto -MD -MT CMakeFiles/cmTC_22c3a.dir/src.cxx.o -MF CMakeFiles/cmTC_22c3a.dir/src.cxx.o.d -o CMakeFiles/cmTC_22c3a.dir/src.cxx.o -c /data/data/com.termux/files/home/termux-ubuntu/xmrig/build/CMakeFiles/CMakeTmp/src.cxx
Linking CXX executable cmTC_22c3a
/data/data/com.termux/files/usr/bin/cmake -E cmake_link_script CMakeFiles/cmTC_22c3a.dir/link.txt --verbose=1
/data/data/com.termux/files/usr/bin/c++ -O2 -g -DNDEBUG CMakeFiles/cmTC_22c3a.dir/src.cxx.o -o cmTC_22c3a 
make[1]: Leaving directory '/data/data/com.termux/files/home/termux-ubuntu/xmrig/build/CMakeFiles/CMakeTmp'


Source file was:
int main() { return 0; }
Determining if the include file syslog.h exists passed with the following output:
Change Dir: /data/data/com.termux/files/home/termux-ubuntu/xmrig/build/CMakeFiles/CMakeTmp

Run Build Command(s):/data/data/com.termux/files/usr/bin/make -f Makefile cmTC_94cde/fast && /data/data/com.termux/files/usr/bin/make  -f CMakeFiles/cmTC_94cde.dir/build.make CMakeFiles/cmTC_94cde.dir/build
make[1]: Entering directory '/data/data/com.termux/files/home/termux-ubuntu/xmrig/build/CMakeFiles/CMakeTmp'
Building C object CMakeFiles/cmTC_94cde.dir/CheckIncludeFile.c.o
/data/data/com.termux/files/usr/bin/cc   -O2 -g -DNDEBUG -MD -MT CMakeFiles/cmTC_94cde.dir/CheckIncludeFile.c.o -MF CMakeFiles/cmTC_94cde.dir/CheckIncludeFile.c.o.d -o CMakeFiles/cmTC_94cde.dir/CheckIncludeFile.c.o -c /data/data/com.termux/files/home/termux-ubuntu/xmrig/build/CMakeFiles/CMakeTmp/CheckIncludeFile.c
Linking C executable cmTC_94cde
/data/data/com.termux/files/usr/bin/cmake -E cmake_link_script CMakeFiles/cmTC_94cde.dir/link.txt --verbose=1
/data/data/com.termux/files/usr/bin/cc -O2 -g -DNDEBUG CMakeFiles/cmTC_94cde.dir/CheckIncludeFile.c.o -o cmTC_94cde 
make[1]: Leaving directory '/data/data/com.termux/files/home/termux-ubuntu/xmrig/build/CMakeFiles/CMakeTmp'



